# JRE version: OpenJDK Runtime Environment Temurin-21.0.8+9 (21.0.8+9) (build 21.0.8+9-LTS)
# Java VM: OpenJDK 64-Bit Server VM Temurin-21.0.8+9 (21.0.8+9-LTS, mixed mode, sharing, tiered, compressed oops, compressed class ptrs, parallel gc, windows-amd64)
GC Precious Log:
 CardTable entry size: 512
 CPUs: 4 total, 4 available
 Memory: 8060M
 Large Page Support: Disabled
 NUMA Support: Disabled
 Compressed Oops: Enabled (32-bit)
 Alignments: Space 512K, Generation 512K, Heap 2M
 Heap Min Capacity: 100M
 Heap Initial Capacity: 100M
 Heap Max Capacity: 2G
 Pre-touch: Disabled
 Parallel Workers: 4
Heap:
 PSYoungGen      total 2048K, used 797K [0x00000000d5580000, 0x00000000d5900000, 0x0000000100000000)
  eden space 1536K, 45% used [0x00000000d5580000,0x00000000d562f4d0,0x00000000d5700000)
  from space 512K, 18% used [0x00000000d5880000,0x00000000d5898000,0x00000000d5900000)
  to   space 512K, 0% used [0x00000000d5800000,0x00000000d5800000,0x00000000d5880000)
 ParOldGen       total 141824K, used 115924K [0x0000000080000000, 0x0000000088a80000, 0x00000000d5580000)
  object space 141824K, 81% used [0x0000000080000000,0x00000000871350a0,0x0000000088a80000)
 Metaspace       used 76442K, committed 78016K, reserved 1179648K
  class space    used 7782K, committed 8512K, reserved 1048576K
GC Heap History (20 events):
Event: 9404.213 GC heap before
{Heap before GC invocations=417 (full 4):
 PSYoungGen      total 2048K, used 1690K [0x00000000d5580000, 0x00000000d5900000, 0x0000000100000000)
  eden space 1536K, 99% used [0x00000000d5580000,0x00000000d56fe8c0,0x00000000d5700000)
  from space 512K, 31% used [0x00000000d5880000,0x00000000d58a8000,0x00000000d5900000)
  to   space 512K, 0% used [0x00000000d5800000,0x00000000d5800000,0x00000000d5880000)
 ParOldGen       total 141824K, used 115692K [0x0000000080000000, 0x0000000088a80000, 0x00000000d5580000)
  object space 141824K, 81% used [0x0000000080000000,0x00000000870fb090,0x0000000088a80000)
 Metaspace       used 76200K, committed 77824K, reserved 1179648K
  class space    used 7765K, committed 8512K, reserved 1048576K
}
Event: 9404.218 GC heap after
{Heap after GC invocations=417 (full 4):
 PSYoungGen      total 2048K, used 185K [0x00000000d5580000, 0x00000000d5900000, 0x0000000100000000)
  eden space 1536K, 0% used [0x00000000d5580000,0x00000000d5580000,0x00000000d5700000)
  from space 512K, 36% used [0x00000000d5800000,0x00000000d582e690,0x00000000d5880000)
  to   space 512K, 0% used [0x00000000d5880000,0x00000000d5880000,0x00000000d5900000)
 ParOldGen       total 141824K, used 115748K [0x0000000080000000, 0x0000000088a80000, 0x00000000d5580000)
  object space 141824K, 81% used [0x0000000080000000,0x00000000871090a0,0x0000000088a80000)
 Metaspace       used 76200K, committed 77824K, reserved 1179648K
  class space    used 7765K, committed 8512K, reserved 1048576K
}
Event: 9754.613 GC heap before
{Heap before GC invocations=418 (full 4):
 PSYoungGen      total 2048K, used 1721K [0x00000000d5580000, 0x00000000d5900000, 0x0000000100000000)
  eden space 1536K, 100% used [0x00000000d5580000,0x00000000d5700000,0x00000000d5700000)
  from space 512K, 36% used [0x00000000d5800000,0x00000000d582e690,0x00000000d5880000)
  to   space 512K, 0% used [0x00000000d5880000,0x00000000d5880000,0x00000000d5900000)
 ParOldGen       total 141824K, used 115748K [0x0000000080000000, 0x0000000088a80000, 0x00000000d5580000)
  object space 141824K, 81% used [0x0000000080000000,0x00000000871090a0,0x0000000088a80000)
 Metaspace       used 76376K, committed 77952K, reserved 1179648K
  class space    used 7780K, committed 8512K, reserved 1048576K
}
Event: 9754.623 GC heap after
{Heap after GC invocations=418 (full 4):
 PSYoungGen      total 2048K, used 128K [0x00000000d5580000, 0x00000000d5900000, 0x0000000100000000)
  eden space 1536K, 0% used [0x00000000d5580000,0x00000000d5580000,0x00000000d5700000)
  from space 512K, 25% used [0x00000000d5880000,0x00000000d58a0000,0x00000000d5900000)
  to   space 512K, 0% used [0x00000000d5800000,0x00000000d5800000,0x00000000d5880000)
 ParOldGen       total 141824K, used 115772K [0x0000000080000000, 0x0000000088a80000, 0x00000000d5580000)
  object space 141824K, 81% used [0x0000000080000000,0x000000008710f0a0,0x0000000088a80000)
 Metaspace       used 76376K, committed 77952K, reserved 1179648K
  class space    used 7780K, committed 8512K, reserved 1048576K
}
Event: 10325.181 GC heap before
{Heap before GC invocations=419 (full 4):
 PSYoungGen      total 2048K, used 1664K [0x00000000d5580000, 0x00000000d5900000, 0x0000000100000000)
  eden space 1536K, 100% used [0x00000000d5580000,0x00000000d5700000,0x00000000d5700000)
  from space 512K, 25% used [0x00000000d5880000,0x00000000d58a0000,0x00000000d5900000)
  to   space 512K, 0% used [0x00000000d5800000,0x00000000d5800000,0x00000000d5880000)
 ParOldGen       total 141824K, used 115772K [0x0000000080000000, 0x0000000088a80000, 0x00000000d5580000)
  object space 141824K, 81% used [0x0000000080000000,0x000000008710f0a0,0x0000000088a80000)
 Metaspace       used 76376K, committed 77952K, reserved 1179648K
  class space    used 7780K, committed 8512K, reserved 1048576K
}
Event: 10325.200 GC heap after
{Heap after GC invocations=419 (full 4):
 PSYoungGen      total 2048K, used 96K [0x00000000d5580000, 0x00000000d5900000, 0x0000000100000000)
  eden space 1536K, 0% used [0x00000000d5580000,0x00000000d5580000,0x00000000d5700000)
  from space 512K, 18% used [0x00000000d5800000,0x00000000d5818000,0x00000000d5880000)
  to   space 512K, 0% used [0x00000000d5880000,0x00000000d5880000,0x00000000d5900000)
 ParOldGen       total 141824K, used 115804K [0x0000000080000000, 0x0000000088a80000, 0x00000000d5580000)
  object space 141824K, 81% used [0x0000000080000000,0x00000000871170a0,0x0000000088a80000)
 Metaspace       used 76376K, committed 77952K, reserved 1179648K
  class space    used 7780K, committed 8512K, reserved 1048576K
}
Event: 10441.384 GC heap before
{Heap before GC invocations=420 (full 4):
 PSYoungGen      total 2048K, used 1632K [0x00000000d5580000, 0x00000000d5900000, 0x0000000100000000)
  eden space 1536K, 100% used [0x00000000d5580000,0x00000000d5700000,0x00000000d5700000)
  from space 512K, 18% used [0x00000000d5800000,0x00000000d5818000,0x00000000d5880000)
  to   space 512K, 0% used [0x00000000d5880000,0x00000000d5880000,0x00000000d5900000)
 ParOldGen       total 141824K, used 115804K [0x0000000080000000, 0x0000000088a80000, 0x00000000d5580000)
  object space 141824K, 81% used [0x0000000080000000,0x00000000871170a0,0x0000000088a80000)
 Metaspace       used 76376K, committed 77952K, reserved 1179648K
  class space    used 7780K, committed 8512K, reserved 1048576K
}
Event: 10441.387 GC heap after
{Heap after GC invocations=420 (full 4):
 PSYoungGen      total 2048K, used 128K [0x00000000d5580000, 0x00000000d5900000, 0x0000000100000000)
  eden space 1536K, 0% used [0x00000000d5580000,0x00000000d5580000,0x00000000d5700000)
  from space 512K, 25% used [0x00000000d5880000,0x00000000d58a0000,0x00000000d5900000)
  to   space 512K, 0% used [0x00000000d5800000,0x00000000d5800000,0x00000000d5880000)
 ParOldGen       total 141824K, used 115820K [0x0000000080000000, 0x0000000088a80000, 0x00000000d5580000)
  object space 141824K, 81% used [0x0000000080000000,0x000000008711b0a0,0x0000000088a80000)
 Metaspace       used 76376K, committed 77952K, reserved 1179648K
  class space    used 7780K, committed 8512K, reserved 1048576K
}
Event: 10977.011 GC heap before
{Heap before GC invocations=421 (full 4):
 PSYoungGen      total 2048K, used 1664K [0x00000000d5580000, 0x00000000d5900000, 0x0000000100000000)
  eden space 1536K, 100% used [0x00000000d5580000,0x00000000d5700000,0x00000000d5700000)
  from space 512K, 25% used [0x00000000d5880000,0x00000000d58a0000,0x00000000d5900000)
  to   space 512K, 0% used [0x00000000d5800000,0x00000000d5800000,0x00000000d5880000)
 ParOldGen       total 141824K, used 115820K [0x0000000080000000, 0x0000000088a80000, 0x00000000d5580000)
  object space 141824K, 81% used [0x0000000080000000,0x000000008711b0a0,0x0000000088a80000)
 Metaspace       used 76384K, committed 77952K, reserved 1179648K
  class space    used 7782K, committed 8512K, reserved 1048576K
}
Event: 10977.013 GC heap after
{Heap after GC invocations=421 (full 4):
 PSYoungGen      total 2048K, used 128K [0x00000000d5580000, 0x00000000d5900000, 0x0000000100000000)
  eden space 1536K, 0% used [0x00000000d5580000,0x00000000d5580000,0x00000000d5700000)
  from space 512K, 25% used [0x00000000d5800000,0x00000000d5820000,0x00000000d5880000)
  to   space 512K, 0% used [0x00000000d5880000,0x00000000d5880000,0x00000000d5900000)
 ParOldGen       total 141824K, used 115820K [0x0000000080000000, 0x0000000088a80000, 0x00000000d5580000)
  object space 141824K, 81% used [0x0000000080000000,0x000000008711b0a0,0x0000000088a80000)
 Metaspace       used 76384K, committed 77952K, reserved 1179648K
  class space    used 7782K, committed 8512K, reserved 1048576K
}
Event: 11371.877 GC heap before
{Heap before GC invocations=422 (full 4):
 PSYoungGen      total 2048K, used 1664K [0x00000000d5580000, 0x00000000d5900000, 0x0000000100000000)
  eden space 1536K, 100% used [0x00000000d5580000,0x00000000d5700000,0x00000000d5700000)
  from space 512K, 25% used [0x00000000d5800000,0x00000000d5820000,0x00000000d5880000)
  to   space 512K, 0% used [0x00000000d5880000,0x00000000d5880000,0x00000000d5900000)
 ParOldGen       total 141824K, used 115820K [0x0000000080000000, 0x0000000088a80000, 0x00000000d5580000)
  object space 141824K, 81% used [0x0000000080000000,0x000000008711b0a0,0x0000000088a80000)
 Metaspace       used 76396K, committed 78016K, reserved 1179648K
  class space    used 7782K, committed 8512K, reserved 1048576K
}
Event: 11371.879 GC heap after
{Heap after GC invocations=422 (full 4):
 PSYoungGen      total 2048K, used 96K [0x00000000d5580000, 0x00000000d5900000, 0x0000000100000000)
  eden space 1536K, 0% used [0x00000000d5580000,0x00000000d5580000,0x00000000d5700000)
  from space 512K, 18% used [0x00000000d5880000,0x00000000d5898000,0x00000000d5900000)
  to   space 512K, 0% used [0x00000000d5800000,0x00000000d5800000,0x00000000d5880000)
 ParOldGen       total 141824K, used 115844K [0x0000000080000000, 0x0000000088a80000, 0x00000000d5580000)
  object space 141824K, 81% used [0x0000000080000000,0x00000000871210a0,0x0000000088a80000)
 Metaspace       used 76396K, committed 78016K, reserved 1179648K
  class space    used 7782K, committed 8512K, reserved 1048576K
}
Event: 12057.484 GC heap before
{Heap before GC invocations=423 (full 4):
 PSYoungGen      total 2048K, used 1632K [0x00000000d5580000, 0x00000000d5900000, 0x0000000100000000)
  eden space 1536K, 100% used [0x00000000d5580000,0x00000000d5700000,0x00000000d5700000)
  from space 512K, 18% used [0x00000000d5880000,0x00000000d5898000,0x00000000d5900000)
  to   space 512K, 0% used [0x00000000d5800000,0x00000000d5800000,0x00000000d5880000)
 ParOldGen       total 141824K, used 115844K [0x0000000080000000, 0x0000000088a80000, 0x00000000d5580000)
  object space 141824K, 81% used [0x0000000080000000,0x00000000871210a0,0x0000000088a80000)
 Metaspace       used 76421K, committed 78016K, reserved 1179648K
  class space    used 7782K, committed 8512K, reserved 1048576K
}
Event: 12057.486 GC heap after
{Heap after GC invocations=423 (full 4):
 PSYoungGen      total 2048K, used 96K [0x00000000d5580000, 0x00000000d5900000, 0x0000000100000000)
  eden space 1536K, 0% used [0x00000000d5580000,0x00000000d5580000,0x00000000d5700000)
  from space 512K, 18% used [0x00000000d5800000,0x00000000d5818000,0x00000000d5880000)
  to   space 512K, 0% used [0x00000000d5880000,0x00000000d5880000,0x00000000d5900000)
 ParOldGen       total 141824K, used 115868K [0x0000000080000000, 0x0000000088a80000, 0x00000000d5580000)
  object space 141824K, 81% used [0x0000000080000000,0x00000000871270a0,0x0000000088a80000)
 Metaspace       used 76421K, committed 78016K, reserved 1179648K
  class space    used 7782K, committed 8512K, reserved 1048576K
}
Event: 12418.647 GC heap before
{Heap before GC invocations=424 (full 4):
 PSYoungGen      total 2048K, used 1632K [0x00000000d5580000, 0x00000000d5900000, 0x0000000100000000)
  eden space 1536K, 100% used [0x00000000d5580000,0x00000000d5700000,0x00000000d5700000)
  from space 512K, 18% used [0x00000000d5800000,0x00000000d5818000,0x00000000d5880000)
  to   space 512K, 0% used [0x00000000d5880000,0x00000000d5880000,0x00000000d5900000)
 ParOldGen       total 141824K, used 115868K [0x0000000080000000, 0x0000000088a80000, 0x00000000d5580000)
  object space 141824K, 81% used [0x0000000080000000,0x00000000871270a0,0x0000000088a80000)
 Metaspace       used 76431K, committed 78016K, reserved 1179648K
  class space    used 7782K, committed 8512K, reserved 1048576K
}
Event: 12418.652 GC heap after
{Heap after GC invocations=424 (full 4):
 PSYoungGen      total 2048K, used 96K [0x00000000d5580000, 0x00000000d5900000, 0x0000000100000000)
  eden space 1536K, 0% used [0x00000000d5580000,0x00000000d5580000,0x00000000d5700000)
  from space 512K, 18% used [0x00000000d5880000,0x00000000d5898000,0x00000000d5900000)
  to   space 512K, 0% used [0x00000000d5800000,0x00000000d5800000,0x00000000d5880000)
 ParOldGen       total 141824K, used 115892K [0x0000000080000000, 0x0000000088a80000, 0x00000000d5580000)
  object space 141824K, 81% used [0x0000000080000000,0x000000008712d0a0,0x0000000088a80000)
 Metaspace       used 76431K, committed 78016K, reserved 1179648K
  class space    used 7782K, committed 8512K, reserved 1048576K
}
Event: 13855.072 GC heap before
{Heap before GC invocations=425 (full 4):
 PSYoungGen      total 2048K, used 1632K [0x00000000d5580000, 0x00000000d5900000, 0x0000000100000000)
  eden space 1536K, 100% used [0x00000000d5580000,0x00000000d5700000,0x00000000d5700000)
  from space 512K, 18% used [0x00000000d5880000,0x00000000d5898000,0x00000000d5900000)
  to   space 512K, 0% used [0x00000000d5800000,0x00000000d5800000,0x00000000d5880000)
 ParOldGen       total 141824K, used 115892K [0x0000000080000000, 0x0000000088a80000, 0x00000000d5580000)
  object space 141824K, 81% used [0x0000000080000000,0x000000008712d0a0,0x0000000088a80000)
 Metaspace       used 76441K, committed 78016K, reserved 1179648K
  class space    used 7782K, committed 8512K, reserved 1048576K
}
Event: 13855.298 GC heap after
{Heap after GC invocations=425 (full 4):
 PSYoungGen      total 2048K, used 96K [0x00000000d5580000, 0x00000000d5900000, 0x0000000100000000)
  eden space 1536K, 0% used [0x00000000d5580000,0x00000000d5580000,0x00000000d5700000)
  from space 512K, 18% used [0x00000000d5800000,0x00000000d5818000,0x00000000d5880000)
  to   space 512K, 0% used [0x00000000d5880000,0x00000000d5880000,0x00000000d5900000)
 ParOldGen       total 141824K, used 115908K [0x0000000080000000, 0x0000000088a80000, 0x00000000d5580000)
  object space 141824K, 81% used [0x0000000080000000,0x00000000871310a0,0x0000000088a80000)
 Metaspace       used 76441K, committed 78016K, reserved 1179648K
  class space    used 7782K, committed 8512K, reserved 1048576K
}
Event: 14933.048 GC heap before
{Heap before GC invocations=426 (full 4):
 PSYoungGen      total 2048K, used 1628K [0x00000000d5580000, 0x00000000d5900000, 0x0000000100000000)
  eden space 1536K, 99% used [0x00000000d5580000,0x00000000d56ff3c0,0x00000000d5700000)
  from space 512K, 18% used [0x00000000d5800000,0x00000000d5818000,0x00000000d5880000)
  to   space 512K, 0% used [0x00000000d5880000,0x00000000d5880000,0x00000000d5900000)
 ParOldGen       total 141824K, used 115908K [0x0000000080000000, 0x0000000088a80000, 0x00000000d5580000)
  object space 141824K, 81% used [0x0000000080000000,0x00000000871310a0,0x0000000088a80000)
 Metaspace       used 76441K, committed 78016K, reserved 1179648K
  class space    used 7782K, committed 8512K, reserved 1048576K
}
Event: 14933.140 GC heap after
{Heap after GC invocations=426 (full 4):
 PSYoungGen      total 2048K, used 96K [0x00000000d5580000, 0x00000000d5900000, 0x0000000100000000)
  eden space 1536K, 0% used [0x00000000d5580000,0x00000000d5580000,0x00000000d5700000)
  from space 512K, 18% used [0x00000000d5880000,0x00000000d5898000,0x00000000d5900000)
  to   space 512K, 0% used [0x00000000d5800000,0x00000000d5800000,0x00000000d5880000)
 ParOldGen       total 141824K, used 115924K [0x0000000080000000, 0x0000000088a80000, 0x00000000d5580000)
  object space 141824K, 81% used [0x0000000080000000,0x00000000871350a0,0x0000000088a80000)
 Metaspace       used 76441K, committed 78016K, reserved 1179648K
  class space    used 7782K, committed 8512K, reserved 1048576K
}

